0 verbose cli /usr/local/bin/node /usr/local/lib/node_modules/npm/bin/npm-cli.js
1 info using npm@10.9.3
2 info using node@v22.18.0
3 silly config load:file:/usr/local/lib/node_modules/npm/npmrc
4 silly config load:file:/Users/juanmagne/Desktop/Tablero Carballo/.npmrc
5 silly config load:file:/usr/local/etc/npmrc
6 verbose title npm exec create-next-app@latest . --ts --eslint --tailwind --app --use-npm --import-alias @/*
7 verbose argv "exec" "--yes" "--" "create-next-app@latest" "." "--ts" "--eslint" "--tailwind" "--app" "--use-npm" "--import-alias" "@/*"
8 verbose logfile logs-max:10 dir:/Users/juanmagne/Desktop/Tablero Carballo/.npm/_logs/2026-04-02T22_54_39_605Z-
9 verbose logfile /Users/juanmagne/Desktop/Tablero Carballo/.npm/_logs/2026-04-02T22_54_39_605Z-debug-0.log
10 silly logfile done cleaning log files
11 silly packumentCache heap:4345298944 maxSize:1086324736 maxEntrySize:543162368
12 http fetch GET 200 https://registry.npmjs.org/create-next-app 495ms (cache miss)
13 silly packumentCache heap:4345298944 maxSize:1086324736 maxEntrySize:543162368
14 silly packumentCache heap:4345298944 maxSize:1086324736 maxEntrySize:543162368
15 silly idealTree buildDeps
16 silly fetch manifest create-next-app@16.2.2
17 silly packumentCache full:https://registry.npmjs.org/create-next-app cache-miss
18 http fetch GET 200 https://registry.npmjs.org/create-next-app 358ms (cache miss)
19 silly packumentCache full:https://registry.npmjs.org/create-next-app set size:undefined disposed:false
20 silly placeDep ROOT create-next-app@16.2.2 OK for:  want: 16.2.2
21 silly reify moves {}
22 silly audit bulk request { 'create-next-app': [ '16.2.2' ] }
23 http cache create-next-app@https://registry.npmjs.org/create-next-app/-/create-next-app-16.2.2.tgz 0ms (cache hit)
24 silly tarball no local data for create-next-app@https://registry.npmjs.org/create-next-app/-/create-next-app-16.2.2.tgz. Extracting by manifest.
25 http fetch GET 200 https://registry.npmjs.org/create-next-app/-/create-next-app-16.2.2.tgz 193ms (cache miss)
26 http fetch POST 200 https://registry.npmjs.org/-/npm/v1/security/advisories/bulk 237ms
27 silly audit report {}
28 verbose cwd /Users/juanmagne/Desktop/Tablero Carballo
29 verbose os Darwin 24.6.0
30 verbose node v22.18.0
31 verbose npm  v10.9.3
32 verbose exit 1
33 verbose code 1
