0 verbose cli /usr/local/bin/node /usr/local/lib/node_modules/npm/bin/npm-cli.js
1 info using npm@10.9.3
2 info using node@v22.18.0
3 silly config load:file:/usr/local/lib/node_modules/npm/npmrc
4 silly config load:file:/Users/juanmagne/Desktop/Tablero Carballo/.npmrc
5 silly config load:file:/usr/local/etc/npmrc
6 verbose title npm exec create-next-app@latest app --ts --eslint --tailwind --app --use-npm --import-alias @/*
7 verbose argv "exec" "--yes" "--" "create-next-app@latest" "app" "--ts" "--eslint" "--tailwind" "--app" "--use-npm" "--import-alias" "@/*"
8 verbose logfile logs-max:10 dir:/Users/juanmagne/Desktop/Tablero Carballo/.npm/_logs/2026-04-02T22_54_48_390Z-
9 verbose logfile /Users/juanmagne/Desktop/Tablero Carballo/.npm/_logs/2026-04-02T22_54_48_390Z-debug-0.log
10 silly logfile done cleaning log files
11 silly packumentCache heap:4345298944 maxSize:1086324736 maxEntrySize:543162368
12 http fetch GET 200 https://registry.npmjs.org/create-next-app 153ms (cache revalidated)
13 silly packumentCache heap:4345298944 maxSize:1086324736 maxEntrySize:543162368
14 silly packumentCache heap:4345298944 maxSize:1086324736 maxEntrySize:543162368
15 verbose cwd /Users/juanmagne/Desktop/Tablero Carballo
16 verbose os Darwin 24.6.0
17 verbose node v22.18.0
18 verbose npm  v10.9.3
19 verbose exit 0
20 info ok
